<?xml version="1.0" encoding="UTF-8"?>
<!-- Generated by org.testng.reporters.JUnitXMLReporter -->
<testsuite hostname="GLB-BAN-438-PC" ignored="0" name="Regression suite 1" tests="2" failures="0" timestamp="17 Feb 2018 08:53:53 GMT" time="101.437" errors="0">
  <testcase name="verifyProfilesetingpageTest" time="0.025" classname="com.SB.qa.testcases.ProfilesetingpageTest"/>
  <testcase name="ProfileSettingTest" time="7.715" classname="com.SB.qa.testcases.ProfilesetingpageTest"/>
</testsuite> <!-- Regression suite 1 -->
