<?xml version="1.0" encoding="UTF-8"?>
<!-- Generated by org.testng.reporters.JUnitXMLReporter -->
<testsuite hostname="GLB-BAN-438-PC" ignored="7" name="Default test(failed)(failed)" tests="1" failures="1" timestamp="28 Feb 2018 11:50:31 GMT" time="55.143" errors="0">
  <testcase name="AddingInstaprofileTest" time="37.473" classname="com.SB.qa.testcases.DashboardpageTest">
    <failure type="java.lang.AssertionError" message="expected [Socioboard] but found [Page Not Found • Instagram]">
      <![CDATA[java.lang.AssertionError: expected [Socioboard] but found [Page Not Found • Instagram]at com.SB.qa.testcases.DashboardpageTest.AddingInstaprofileTest(DashboardpageTest.java:77)... Removed 31 stack frames]]>
    </failure>
  </testcase> <!-- AddingInstaprofileTest -->
  <testcase name="AddingLinkedinprofileTest" time="0.0" classname="com.SB.qa.testcases.DashboardpageTest">
    <ignored/>
  </testcase> <!-- AddingLinkedinprofileTest -->
  <testcase name="AddingfbprofileTest" time="0.0" classname="com.SB.qa.testcases.DashboardpageTest">
    <ignored/>
  </testcase> <!-- AddingfbprofileTest -->
  <testcase name="AddingTWtprofileTest" time="0.0" classname="com.SB.qa.testcases.DashboardpageTest">
    <ignored/>
  </testcase> <!-- AddingTWtprofileTest -->
  <testcase name="AddinFBpagesTest" time="0.0" classname="com.SB.qa.testcases.DashboardpageTest">
    <ignored/>
  </testcase> <!-- AddinFBpagesTest -->
  <testcase name="AddingGplusprofileTest" time="0.0" classname="com.SB.qa.testcases.DashboardpageTest">
    <ignored/>
  </testcase> <!-- AddingGplusprofileTest -->
  <testcase name="dashboardpagetitleTest" time="0.0" classname="com.SB.qa.testcases.DashboardpageTest">
    <ignored/>
  </testcase> <!-- dashboardpagetitleTest -->
  <testcase name="composeTest" time="0.0" classname="com.SB.qa.testcases.DashboardpageTest">
    <ignored/>
  </testcase> <!-- composeTest -->
</testsuite> <!-- Default test(failed)(failed) -->
